Using pre-set license
Built from '2023.1/staging' branch; Version is '2023.1.10f1 (661833f8c66c) revision 6690867'; Using compiler version '192829333'; Build Type 'Release'
OS: 'Windows 10  (10.0.19045) 64bit Professional' Language: 'en' Physical Memory: 16307 MB
BatchMode: 1, IsHumanControllingUs: 0, StartBugReporterOnCrash: 0, Is64bit: 1, IsPro: 1

COMMAND LINE ARGUMENTS:
C:\Program Files\Unity 2023.1.10f1\Editor\Unity.exe
-adb2
-batchMode
-noUpm
-name
AssetImportWorker3
-projectPath
C:/Users/matth/MOON INVADER 3D
-logFile
Logs/AssetImportWorker3.log
-srvPort
61424
Successfully changed project path to: C:/Users/matth/MOON INVADER 3D
C:/Users/matth/MOON INVADER 3D
[UnityMemory] Configuration Parameters - Can be set up in boot.config
    "memorysetup-bucket-allocator-granularity=16"
    "memorysetup-bucket-allocator-bucket-count=8"
    "memorysetup-bucket-allocator-block-size=33554432"
    "memorysetup-bucket-allocator-block-count=8"
    "memorysetup-main-allocator-block-size=16777216"
    "memorysetup-thread-allocator-block-size=16777216"
    "memorysetup-gfx-main-allocator-block-size=16777216"
    "memorysetup-gfx-thread-allocator-block-size=16777216"
    "memorysetup-cache-allocator-block-size=4194304"
    "memorysetup-typetree-allocator-block-size=2097152"
    "memorysetup-profiler-bucket-allocator-granularity=16"
    "memorysetup-profiler-bucket-allocator-bucket-count=8"
    "memorysetup-profiler-bucket-allocator-block-size=33554432"
    "memorysetup-profiler-bucket-allocator-block-count=8"
    "memorysetup-profiler-allocator-block-size=16777216"
    "memorysetup-profiler-editor-allocator-block-size=1048576"
    "memorysetup-temp-allocator-size-main=16777216"
    "memorysetup-job-temp-allocator-block-size=2097152"
    "memorysetup-job-temp-allocator-block-size-background=1048576"
    "memorysetup-job-temp-allocator-reduction-small-platforms=262144"
    "memorysetup-allocator-temp-initial-block-size-main=262144"
    "memorysetup-allocator-temp-initial-block-size-worker=262144"
    "memorysetup-temp-allocator-size-background-worker=32768"
    "memorysetup-temp-allocator-size-job-worker=262144"
    "memorysetup-temp-allocator-size-preload-manager=33554432"
    "memorysetup-temp-allocator-size-nav-mesh-worker=65536"
    "memorysetup-temp-allocator-size-audio-worker=65536"
    "memorysetup-temp-allocator-size-cloud-worker=32768"
    "memorysetup-temp-allocator-size-gi-baking-worker=262144"
    "memorysetup-temp-allocator-size-gfx=262144"
Player connection [17328] Host "[IP] 192.168.0.199 [Port] 0 [Flags] 2 [Guid] 1190433719 [EditorId] 1190433719 [Version] 1048832 [Id] WindowsEditor(7,DESKTOP-SA2UQG8) [Debug] 1 [PackageName] WindowsEditor [ProjectName] Editor" joined multi-casting on [225.0.0.222:54997]...

Player connection [17328] Host "[IP] 192.168.0.199 [Port] 0 [Flags] 2 [Guid] 1190433719 [EditorId] 1190433719 [Version] 1048832 [Id] WindowsEditor(7,DESKTOP-SA2UQG8) [Debug] 1 [PackageName] WindowsEditor [ProjectName] Editor" joined alternative multi-casting on [225.0.0.222:34997]...

[Physics::Module] Initialized MultithreadedJobDispatcher with 15 workers.
Library Redirect Path: Library/Refreshing native plugins compatible for Editor in 108.21 ms, found 3 plugins.
Preloading 0 native plugins for Editor in 0.00 ms.
Initialize engine version: 2023.1.10f1 (661833f8c66c)
[Subsystems] Discovering subsystems at path C:/Program Files/Unity 2023.1.10f1/Editor/Data/Resources/UnitySubsystems
[Subsystems] Discovering subsystems at path C:/Users/matth/MOON INVADER 3D/Assets
GfxDevice: creating device client; threaded=0; jobified=0
Direct3D:
    Version:  Direct3D 11.0 [level 11.1]
    Renderer: NVIDIA GeForce RTX 3060 Ti (ID=0x2489)
    Vendor:   NVIDIA
    VRAM:     8038 MB
    Driver:   31.0.15.3734
Initialize mono
Mono path[0] = 'C:/Program Files/Unity 2023.1.10f1/Editor/Data/Managed'
Mono path[1] = 'C:/Program Files/Unity 2023.1.10f1/Editor/Data/MonoBleedingEdge/lib/mono/unityjit-win32'
Mono config path = 'C:/Program Files/Unity 2023.1.10f1/Editor/Data/MonoBleedingEdge/etc'
Using monoOptions --debugger-agent=transport=dt_socket,embedding=1,server=y,suspend=n,address=127.0.0.1:56196
Begin MonoManager ReloadAssembly
C:\build\output\Unity-Technologies\mono\mono\metadata\icall.c:1842:
C:\build\output\Unity-Technologies\mono\mono\metadata\icall.c:1842:
C:\build\output\Unity-Technologies\mono\mono\metadata\icall.c:1842:
C:\build\output\Unity-Technologies\mono\mono\metadata\icall.c:1842:
C:\build\output\Unity-Technologies\mono\mono\metadata\icall.c:1842:
C:\build\output\Unity-Technologies\mono\mono\metadata\icall.c:1842:
C:\build\output\Unity-Technologies\mono\mono\metadata\icall.c:1842:
C:\build\output\Unity-Technologies\mono\mono\metadata\icall.c:1842:
C:\build\output\Unity-Technologies\mono\mono\metadata\icall.c:1842:
C:\build\output\Unity-Technologies\mono\mono\metadata\icall.c:1842:
Registering precompiled unity dll's ...
Register platform support module: C:/Program Files/Unity 2023.1.10f1/Editor/Data/PlaybackEngines/WindowsStandaloneSupport/UnityEditor.WindowsStandalone.Extensions.dll
Registered in 0.004439 seconds.
- Loaded All Assemblies, in  0.943 seconds
Native extension for WindowsStandalone target not found
Mono: successfully reloaded assembly
C:\build\output\Unity-Technologies\mono\mono\metadata\icall.c:1842:
C:\build\output\Unity-Technologies\mono\mono\metadata\icall.c:1842:
- Finished resetting the current domain, in  0.446 seconds
Domain Reload Profiling: 1386ms
	BeginReloadAssembly (161ms)
		ExecutionOrderSort (0ms)
		DisableScriptedObjects (0ms)
		BackupInstance (0ms)
		ReleaseScriptingObjects (0ms)
		CreateAndSetChildDomain (1ms)
	RebuildCommonClasses (250ms)
	RebuildNativeTypeToScriptingClass (22ms)
	initialDomainReloadingComplete (67ms)
	LoadAllAssembliesAndSetupDomain (441ms)
		LoadAssemblies (158ms)
		RebuildTransferFunctionScriptingTraits (0ms)
		AnalyzeDomain (435ms)
			TypeCache.Refresh (433ms)
				TypeCache.ScanAssembly (326ms)
			ScanForSourceGeneratedMonoScriptInfo (1ms)
			ResolveRequiredComponents (1ms)
	FinalizeReload (446ms)
		ReleaseScriptCaches (0ms)
		RebuildScriptCaches (0ms)
		SetupLoadedEditorAssemblies (386ms)
			LogAssemblyErrors (0ms)
			InitializePlatformSupportModulesInManaged (12ms)
			SetLoadedEditorAssemblies (6ms)
			BeforeProcessingInitializeOnLoad (10ms)
			ProcessInitializeOnLoadAttributes (258ms)
			ProcessInitializeOnLoadMethodAttributes (99ms)
			AfterProcessingInitializeOnLoad (0ms)
			EditorAssembliesLoaded (0ms)
		ExecutionOrderSort2 (0ms)
		AwakeInstancesAfterBackupRestoration (0ms)
========================================================================
Worker process is ready to serve import requests
Import Worker Mode flag is 0x00
Begin MonoManager ReloadAssembly
C:\build\output\Unity-Technologies\mono\mono\metadata\icall.c:1842:
C:\build\output\Unity-Technologies\mono\mono\metadata\icall.c:1842:
C:\build\output\Unity-Technologies\mono\mono\metadata\icall.c:1842:
C:\build\output\Unity-Technologies\mono\mono\metadata\icall.c:1842:
C:\build\output\Unity-Technologies\mono\mono\metadata\icall.c:1842:
C:\build\output\Unity-Technologies\mono\mono\metadata\icall.c:1842:
C:\build\output\Unity-Technologies\mono\mono\metadata\icall.c:1842:
C:\build\output\Unity-Technologies\mono\mono\metadata\icall.c:1842:
C:\build\output\Unity-Technologies\mono\mono\metadata\icall.c:1842:
C:\build\output\Unity-Technologies\mono\mono\metadata\icall.c:1842:
C:\build\output\Unity-Technologies\mono\mono\metadata\icall.c:1842:
C:\build\output\Unity-Technologies\mono\mono\metadata\icall.c:1842:
Symbol file LoadedFromMemory doesn't match image C:\Users\matth\MOON INVADER 3D\Library\PackageCache\com.unity.visualscripting@1.8.0\Editor\VisualScripting.Core\Dependencies\YamlDotNet\Unity.VisualScripting.YamlDotNet.dll
Symbol file LoadedFromMemory doesn't match image C:\Users\matth\MOON INVADER 3D\Library\PackageCache\com.unity.visualscripting@1.8.0\Editor\VisualScripting.Core\Dependencies\DotNetZip\Unity.VisualScripting.IonicZip.dll
- Loaded All Assemblies, in  0.785 seconds
Refreshing native plugins compatible for Editor in 1.55 ms, found 3 plugins.
Native extension for WindowsStandalone target not found
Mono: successfully reloaded assembly
- Finished resetting the current domain, in  0.531 seconds
Domain Reload Profiling: 1314ms
	BeginReloadAssembly (260ms)
		ExecutionOrderSort (0ms)
		DisableScriptedObjects (5ms)
		BackupInstance (0ms)
		ReleaseScriptingObjects (0ms)
		CreateAndSetChildDomain (30ms)
	RebuildCommonClasses (36ms)
	RebuildNativeTypeToScriptingClass (11ms)
	initialDomainReloadingComplete (32ms)
	LoadAllAssembliesAndSetupDomain (443ms)
		LoadAssemblies (248ms)
		RebuildTransferFunctionScriptingTraits (0ms)
		AnalyzeDomain (273ms)
			TypeCache.Refresh (257ms)
				TypeCache.ScanAssembly (247ms)
			ScanForSourceGeneratedMonoScriptInfo (12ms)
			ResolveRequiredComponents (3ms)
	FinalizeReload (531ms)
		ReleaseScriptCaches (0ms)
		RebuildScriptCaches (0ms)
		SetupLoadedEditorAssemblies (364ms)
			LogAssemblyErrors (0ms)
			InitializePlatformSupportModulesInManaged (5ms)
			SetLoadedEditorAssemblies (3ms)
			BeforeProcessingInitializeOnLoad (63ms)
			ProcessInitializeOnLoadAttributes (269ms)
			ProcessInitializeOnLoadMethodAttributes (19ms)
			AfterProcessingInitializeOnLoad (4ms)
			EditorAssembliesLoaded (0ms)
		ExecutionOrderSort2 (0ms)
		AwakeInstancesAfterBackupRestoration (9ms)
Launched and connected shader compiler UnityShaderCompiler.exe after 0.04 seconds
Refreshing native plugins compatible for Editor in 3.40 ms, found 3 plugins.
Preloading 0 native plugins for Editor in 0.00 ms.
Unloading 3159 Unused Serialized files (Serialized files now loaded: 0)
Unloading 34 unused Assets / (53.2 KB). Loaded Objects now: 3717.
Memory consumption went from 137.7 MB to 137.6 MB.
Total: 5.838800 ms (FindLiveObjects: 0.469800 ms CreateObjectMapping: 0.127700 ms MarkObjects: 5.044500 ms  DeleteObjects: 0.195500 ms)

AssetImportParameters requested are different than current active one (requested -> active):
  custom:video-decoder-webm-vp8: 9c59270c3fd7afecdb556c50c9e8de78 -> 
  custom:SearchIndexIgnoredProperties: e643bd26f0fe6173181afceb89e7c659 -> 
  custom:audio-encoder-webm-vorbis: bf7c407c2cedff20999df2af8eb42d56 -> 
  custom:AudioImporter_EditorPlatform: d09bf68614088b80899f8185d706f6e7 -> 
  custom:audio-decoder-ogg-vorbis: bf7c407c2cedff20999df2af8eb42d56 -> 
  custom:video-encoder-webm-vp8: eb34c28f22e8b96e1ab97ce403110664 -> 
  custom:container-demuxer-ogg: 62fdf1f143b41e24485cea50d1cbac27 -> 
  custom:framework-win-MediaFoundation: 216162199b28c13a410421893ffa2e32 -> 
  custom:video-decoder-ogg-theora: a1e56fd34408186e4bbccfd4996cb3dc -> 
  custom:container-muxer-webm: aa71ff27fc2769a1b78a27578f13a17b -> 
  custom:CustomObjectIndexerAttribute: 756ad292c208cfabdd7b50bc23989ffe -> 
  custom:container-demuxer-webm: 4f35f7cbe854078d1ac9338744f61a02 -> 
========================================================================
Received Import Request.
  Time since last request: 58913.441454 seconds.
  path: Assets/Scenes/Main Menu.unity
  artifactKey: Guid(f37933b3b5e12224991e718a205739e2) Importer(2089858483,0ecaa5967403d082aa24f35e1b516d23)
Start importing Assets/Scenes/Main Menu.unity using Guid(f37933b3b5e12224991e718a205739e2) Importer(2089858483,0ecaa5967403d082aa24f35e1b516d23) Generated GUIDs only implemented for interfaces!
 -> (artifact id: 'd956d81d980abe2108a21235c83a7ea9') in 0.066324 seconds
Number of updated asset objects reloaded before import = 0
Number of asset objects unloaded after import = 1
========================================================================
Received Import Request.
  Time since last request: 0.000019 seconds.
  path: Assets/AmazDooMLeft.ttf
  artifactKey: Guid(1764ccd861532d44187486a704169116) Importer(2089858483,0ecaa5967403d082aa24f35e1b516d23)
Start importing Assets/AmazDooMLeft.ttf using Guid(1764ccd861532d44187486a704169116) Importer(2089858483,0ecaa5967403d082aa24f35e1b516d23) Generated GUIDs only implemented for interfaces!
 -> (artifact id: 'dfc368407f9d19f2d0f627cc8da43e6c') in 0.054842 seconds
Number of updated asset objects reloaded before import = 0
Number of asset objects unloaded after import = 3
========================================================================
Received Import Request.
  Time since last request: 0.000017 seconds.
  path: Assets/Stagit/SkyboxEarthPlanets/skyboxes/skyboxv1_asia.mat
  artifactKey: Guid(27c0cce60d93adc4aa3fba77995f9921) Importer(2089858483,0ecaa5967403d082aa24f35e1b516d23)
Start importing Assets/Stagit/SkyboxEarthPlanets/skyboxes/skyboxv1_asia.mat using Guid(27c0cce60d93adc4aa3fba77995f9921) Importer(2089858483,0ecaa5967403d082aa24f35e1b516d23) Generated GUIDs only implemented for interfaces!
 -> (artifact id: 'bd8500f0f4d78b0eab39e4f93d06f2cd') in 0.530298 seconds
Number of updated asset objects reloaded before import = 0
Number of asset objects unloaded after import = 7
========================================================================
Received Import Request.
  Time since last request: 0.000039 seconds.
  path: Assets/Stagit/SkyboxEarthPlanets
  artifactKey: Guid(d360470640b50de4f88ccf940cb0b427) Importer(2089858483,0ecaa5967403d082aa24f35e1b516d23)
Start importing Assets/Stagit/SkyboxEarthPlanets using Guid(d360470640b50de4f88ccf940cb0b427) Importer(2089858483,0ecaa5967403d082aa24f35e1b516d23) Generated GUIDs only implemented for interfaces!
 -> (artifact id: '1a64ed82498db8728ee53719bca4b1a7') in 0.013974 seconds
Number of updated asset objects reloaded before import = 0
Number of asset objects unloaded after import = 1
========================================================================
Received Import Request.
  Time since last request: 0.000064 seconds.
  path: Assets/Stagit/SkyboxEarthPlanets/textures/skybox_EarthProDemo/india003.png
  artifactKey: Guid(c5a7647a009f60d41bbfb731df9d1cbc) Importer(2089858483,0ecaa5967403d082aa24f35e1b516d23)
Start importing Assets/Stagit/SkyboxEarthPlanets/textures/skybox_EarthProDemo/india003.png using Guid(c5a7647a009f60d41bbfb731df9d1cbc) Importer(2089858483,0ecaa5967403d082aa24f35e1b516d23) Generated GUIDs only implemented for interfaces!
 -> (artifact id: '07616ae2191dce47d395a4e0eb18ff96') in 0.113288 seconds
Number of updated asset objects reloaded before import = 0
Number of asset objects unloaded after import = 1
========================================================================
Received Import Request.
  Time since last request: 0.000052 seconds.
  path: Assets/Stagit/SkyboxEarthPlanets/textures/skyboxv1_asia/earth000001.png
  artifactKey: Guid(62329232953d4204ba1150dc173206d1) Importer(2089858483,0ecaa5967403d082aa24f35e1b516d23)
Start importing Assets/Stagit/SkyboxEarthPlanets/textures/skyboxv1_asia/earth000001.png using Guid(62329232953d4204ba1150dc173206d1) Importer(2089858483,0ecaa5967403d082aa24f35e1b516d23) Generated GUIDs only implemented for interfaces!
 -> (artifact id: '4cc9d9c637feb796460a2fa88c7bc2e3') in 0.038894 seconds
Number of updated asset objects reloaded before import = 0
Number of asset objects unloaded after import = 1
========================================================================
Received Import Request.
  Time since last request: 0.000042 seconds.
  path: Assets/Stagit/SkyboxEarthPlanets/skyboxes/skyboxv1_europe_night.mat
  artifactKey: Guid(0f4edca89ef8aac4e9ef8231e680124c) Importer(2089858483,0ecaa5967403d082aa24f35e1b516d23)
Start importing Assets/Stagit/SkyboxEarthPlanets/skyboxes/skyboxv1_europe_night.mat using Guid(0f4edca89ef8aac4e9ef8231e680124c) Importer(2089858483,0ecaa5967403d082aa24f35e1b516d23) Generated GUIDs only implemented for interfaces!
 -> (artifact id: 'c04f1726e34928bcb76952b6d5ff39ef') in 0.011652 seconds
Number of updated asset objects reloaded before import = 0
Number of asset objects unloaded after import = 1
========================================================================
Received Import Request.
  Time since last request: 0.000017 seconds.
  path: Assets/Stagit/SkyboxEarthPlanets/textures/skyboxv1_moon_earth2/earth000005.png
  artifactKey: Guid(0dd38e8b341f29e45b0cbd97a983413d) Importer(2089858483,0ecaa5967403d082aa24f35e1b516d23)
Start importing Assets/Stagit/SkyboxEarthPlanets/textures/skyboxv1_moon_earth2/earth000005.png using Guid(0dd38e8b341f29e45b0cbd97a983413d) Importer(2089858483,0ecaa5967403d082aa24f35e1b516d23) Generated GUIDs only implemented for interfaces!
 -> (artifact id: '3e0826e1a51f1e0d3ac2e907158f71a6') in 0.038127 seconds
Number of updated asset objects reloaded before import = 0
Number of asset objects unloaded after import = 1
========================================================================
Received Import Request.
  Time since last request: 0.000061 seconds.
  path: Assets/Stagit/SkyboxEarthPlanets/textures/skyboxv1_earth1/earth000001.png
  artifactKey: Guid(329296b36579b0f47a66ae56df1406b8) Importer(2089858483,0ecaa5967403d082aa24f35e1b516d23)
Start importing Assets/Stagit/SkyboxEarthPlanets/textures/skyboxv1_earth1/earth000001.png using Guid(329296b36579b0f47a66ae56df1406b8) Importer(2089858483,0ecaa5967403d082aa24f35e1b516d23) Generated GUIDs only implemented for interfaces!
 -> (artifact id: 'b10f94aa732281b4dc945b0e33d71d23') in 0.038776 seconds
Number of updated asset objects reloaded before import = 0
Number of asset objects unloaded after import = 1
========================================================================
Received Import Request.
  Time since last request: 0.000081 seconds.
  path: Assets/Stagit/SkyboxEarthPlanets/textures/skyboxv1
  artifactKey: Guid(afe7ac01cf4c8ed48bbc21bc7748a9dc) Importer(2089858483,0ecaa5967403d082aa24f35e1b516d23)
Start importing Assets/Stagit/SkyboxEarthPlanets/textures/skyboxv1 using Guid(afe7ac01cf4c8ed48bbc21bc7748a9dc) Importer(2089858483,0ecaa5967403d082aa24f35e1b516d23) Generated GUIDs only implemented for interfaces!
 -> (artifact id: 'b4224baa9e52a15e6f986e59f67f2e29') in 0.008913 seconds
Number of updated asset objects reloaded before import = 0
Number of asset objects unloaded after import = 1
========================================================================
Received Import Request.
  Time since last request: 0.000108 seconds.
  path: Assets/Scripts
  artifactKey: Guid(2241eb233f8ffb345b6d08032588a905) Importer(2089858483,0ecaa5967403d082aa24f35e1b516d23)
Start importing Assets/Scripts using Guid(2241eb233f8ffb345b6d08032588a905) Importer(2089858483,0ecaa5967403d082aa24f35e1b516d23) Generated GUIDs only implemented for interfaces!
 -> (artifact id: 'dec808de90c52eabeed003e6d5aaa4be') in 0.012971 seconds
Number of updated asset objects reloaded before import = 0
Number of asset objects unloaded after import = 1
========================================================================
Received Import Request.
  Time since last request: 0.000107 seconds.
  path: Assets/Shaders
  artifactKey: Guid(cce7c46ffa2aec74a809fff0db66092f) Importer(2089858483,0ecaa5967403d082aa24f35e1b516d23)
Start importing Assets/Shaders using Guid(cce7c46ffa2aec74a809fff0db66092f) Importer(2089858483,0ecaa5967403d082aa24f35e1b516d23) Generated GUIDs only implemented for interfaces!
 -> (artifact id: '700379e45d2d300a7c978647bdb46dd2') in 0.010126 seconds
Number of updated asset objects reloaded before import = 0
Number of asset objects unloaded after import = 1
========================================================================
Received Import Request.
  Time since last request: 0.000044 seconds.
  path: Assets/Stagit/SkyboxEarthPlanets/textures/skyboxv1_moon_earth/moon000005.png
  artifactKey: Guid(6c07faad2c8505846a63f991e24be555) Importer(2089858483,0ecaa5967403d082aa24f35e1b516d23)
Start importing Assets/Stagit/SkyboxEarthPlanets/textures/skyboxv1_moon_earth/moon000005.png using Guid(6c07faad2c8505846a63f991e24be555) Importer(2089858483,0ecaa5967403d082aa24f35e1b516d23) Generated GUIDs only implemented for interfaces!
 -> (artifact id: 'c9528b535195969e46ac838a33bb3111') in 0.056732 seconds
Number of updated asset objects reloaded before import = 0
Number of asset objects unloaded after import = 1
========================================================================
Received Import Request.
  Time since last request: 0.000098 seconds.
  path: Assets/Stagit/SkyboxEarthPlanets/textures/skyboxv1_moon_earth/moon000002.png
  artifactKey: Guid(c86db939838aa694e8597ee23b722c8f) Importer(2089858483,0ecaa5967403d082aa24f35e1b516d23)
Start importing Assets/Stagit/SkyboxEarthPlanets/textures/skyboxv1_moon_earth/moon000002.png using Guid(c86db939838aa694e8597ee23b722c8f) Importer(2089858483,0ecaa5967403d082aa24f35e1b516d23) Generated GUIDs only implemented for interfaces!
 -> (artifact id: '7deabe550fda89c33d6810d9722faaed') in 0.081808 seconds
Number of updated asset objects reloaded before import = 0
Number of asset objects unloaded after import = 1
========================================================================
Received Import Request.
  Time since last request: 0.000097 seconds.
  path: Assets/Stagit/SkyboxEarthPlanets/skyboxes/skyboxv1_jupiter1.mat
  artifactKey: Guid(9af527704df03ae4794562070544c949) Importer(2089858483,0ecaa5967403d082aa24f35e1b516d23)
Start importing Assets/Stagit/SkyboxEarthPlanets/skyboxes/skyboxv1_jupiter1.mat using Guid(9af527704df03ae4794562070544c949) Importer(2089858483,0ecaa5967403d082aa24f35e1b516d23) Generated GUIDs only implemented for interfaces!
 -> (artifact id: '8313ccf8f767da3239053d1660590e21') in 0.018477 seconds
Number of updated asset objects reloaded before import = 0
Number of asset objects unloaded after import = 1
========================================================================
Received Import Request.
  Time since last request: 0.000053 seconds.
  path: Assets/Materials/FullMoon2010 1.jpg
  artifactKey: Guid(cba62a18ac125b441a3c065b1664068f) Importer(2089858483,0ecaa5967403d082aa24f35e1b516d23)
Start importing Assets/Materials/FullMoon2010 1.jpg using Guid(cba62a18ac125b441a3c065b1664068f) Importer(2089858483,0ecaa5967403d082aa24f35e1b516d23) Generated GUIDs only implemented for interfaces!
 -> (artifact id: '3ecea328c85d6fe7af1f0b9dc526aa92') in 0.043971 seconds
Number of updated asset objects reloaded before import = 0
Number of asset objects unloaded after import = 3
========================================================================
Received Import Request.
  Time since last request: 0.000046 seconds.
  path: Assets/Stagit/SkyboxEarthPlanets/textures/skyboxv1_inbetween_moonearth/moon300005.png
  artifactKey: Guid(280ab942fbb3bb84ebf9330b4ad892fa) Importer(2089858483,0ecaa5967403d082aa24f35e1b516d23)
Start importing Assets/Stagit/SkyboxEarthPlanets/textures/skyboxv1_inbetween_moonearth/moon300005.png using Guid(280ab942fbb3bb84ebf9330b4ad892fa) Importer(2089858483,0ecaa5967403d082aa24f35e1b516d23) Generated GUIDs only implemented for interfaces!
 -> (artifact id: 'f8bfd732d7af2f052d6945356e0231e7') in 0.062043 seconds
Number of updated asset objects reloaded before import = 0
Number of asset objects unloaded after import = 1
========================================================================
Received Import Request.
  Time since last request: 0.000063 seconds.
  path: Assets/Materials/bullet_hole_PNG6062.mat
  artifactKey: Guid(5d9e85a9aaf23b844b49a406d9522865) Importer(2089858483,0ecaa5967403d082aa24f35e1b516d23)
Start importing Assets/Materials/bullet_hole_PNG6062.mat using Guid(5d9e85a9aaf23b844b49a406d9522865) Importer(2089858483,0ecaa5967403d082aa24f35e1b516d23) Generated GUIDs only implemented for interfaces!
 -> (artifact id: '04b665cb0f83bdff872b3e8db83c01cf') in 0.041563 seconds
Number of updated asset objects reloaded before import = 0
Number of asset objects unloaded after import = 2
========================================================================
Received Import Request.
  Time since last request: 0.000029 seconds.
  path: Assets/Materials/box.mat
  artifactKey: Guid(b20fd08cf4467e543810788184254f36) Importer(2089858483,0ecaa5967403d082aa24f35e1b516d23)
Start importing Assets/Materials/box.mat using Guid(b20fd08cf4467e543810788184254f36) Importer(2089858483,0ecaa5967403d082aa24f35e1b516d23) Generated GUIDs only implemented for interfaces!
 -> (artifact id: 'e5fc8a184369d5a61bd8b592e085ea39') in 0.047345 seconds
Number of updated asset objects reloaded before import = 0
Number of asset objects unloaded after import = 2
========================================================================
Received Import Request.
  Time since last request: 0.000030 seconds.
  path: Assets/Stagit/SkyboxEarthPlanets/textures/skyboxv1_moon_earth/moon000004.png
  artifactKey: Guid(3362dc44cd51c2b46b591aa975723c52) Importer(2089858483,0ecaa5967403d082aa24f35e1b516d23)
Start importing Assets/Stagit/SkyboxEarthPlanets/textures/skyboxv1_moon_earth/moon000004.png using Guid(3362dc44cd51c2b46b591aa975723c52) Importer(2089858483,0ecaa5967403d082aa24f35e1b516d23) Generated GUIDs only implemented for interfaces!
 -> (artifact id: '3dc8357ccae6ea878a111cd13ae7ef2e') in 0.058470 seconds
Number of updated asset objects reloaded before import = 0
Number of asset objects unloaded after import = 1
========================================================================
Received Import Request.
  Time since last request: 0.000112 seconds.
  path: Assets/Stagit/SkyboxEarthPlanets/skyboxes/skyboxv1_jupiter2.mat
  artifactKey: Guid(1b9f8c43104e75a46becdc2d42ffbd87) Importer(2089858483,0ecaa5967403d082aa24f35e1b516d23)
Start importing Assets/Stagit/SkyboxEarthPlanets/skyboxes/skyboxv1_jupiter2.mat using Guid(1b9f8c43104e75a46becdc2d42ffbd87) Importer(2089858483,0ecaa5967403d082aa24f35e1b516d23) Generated GUIDs only implemented for interfaces!
 -> (artifact id: 'f878ac7e3af791f7a9c8bf1c4fc24794') in 0.016317 seconds
Number of updated asset objects reloaded before import = 0
Number of asset objects unloaded after import = 1
========================================================================
Received Import Request.
  Time since last request: 0.000113 seconds.
  path: Assets/Stagit/SkyboxEarthPlanets/textures/skyboxv1/earth006000.png
  artifactKey: Guid(7ef1aae21acea484dae123bff975b58e) Importer(2089858483,0ecaa5967403d082aa24f35e1b516d23)
Start importing Assets/Stagit/SkyboxEarthPlanets/textures/skyboxv1/earth006000.png using Guid(7ef1aae21acea484dae123bff975b58e) Importer(2089858483,0ecaa5967403d082aa24f35e1b516d23) Generated GUIDs only implemented for interfaces!
 -> (artifact id: 'a7a805cc1b1ab76800a2f454a879c951') in 0.052687 seconds
Number of updated asset objects reloaded before import = 0
Number of asset objects unloaded after import = 1
========================================================================
Received Import Request.
  Time since last request: 0.000059 seconds.
  path: Assets/Stagit/SkyboxEarthPlanets/textures/skyboxv1_moon1
  artifactKey: Guid(166f1cf39c6f8354bb77784016b89adc) Importer(2089858483,0ecaa5967403d082aa24f35e1b516d23)
Start importing Assets/Stagit/SkyboxEarthPlanets/textures/skyboxv1_moon1 using Guid(166f1cf39c6f8354bb77784016b89adc) Importer(2089858483,0ecaa5967403d082aa24f35e1b516d23) Generated GUIDs only implemented for interfaces!
 -> (artifact id: '192ec1baf88f80c8d383b81f68ea2b9b') in 0.011664 seconds
Number of updated asset objects reloaded before import = 0
Number of asset objects unloaded after import = 1
========================================================================
Received Import Request.
  Time since last request: 0.000115 seconds.
  path: Assets/Shaders/ShaderHandler.cs
  artifactKey: Guid(398d9a27c1d9b734f8c4b693ef563b98) Importer(2089858483,0ecaa5967403d082aa24f35e1b516d23)
Start importing Assets/Shaders/ShaderHandler.cs using Guid(398d9a27c1d9b734f8c4b693ef563b98) Importer(2089858483,0ecaa5967403d082aa24f35e1b516d23) Generated GUIDs only implemented for interfaces!
 -> (artifact id: 'dfab19729c2e6cda2bf661ef08cd147e') in 0.013099 seconds
Number of updated asset objects reloaded before import = 0
Number of asset objects unloaded after import = 1
========================================================================
Received Import Request.
  Time since last request: 0.000060 seconds.
  path: Assets/Stagit/SkyboxEarthPlanets/textures/skyboxv1_earth1/earth000006.png
  artifactKey: Guid(3b427763ec867bf49ac0d8100787000a) Importer(2089858483,0ecaa5967403d082aa24f35e1b516d23)
Start importing Assets/Stagit/SkyboxEarthPlanets/textures/skyboxv1_earth1/earth000006.png using Guid(3b427763ec867bf49ac0d8100787000a) Importer(2089858483,0ecaa5967403d082aa24f35e1b516d23) Generated GUIDs only implemented for interfaces!
 -> (artifact id: 'f97c678d88c02c61d5e2a065068b0455') in 0.058143 seconds
Number of updated asset objects reloaded before import = 0
Number of asset objects unloaded after import = 1
========================================================================
Received Import Request.
  Time since last request: 0.000101 seconds.
  path: Assets/Stagit/SkyboxEarthPlanets/skyboxes/skyboxv1_usa_far.mat
  artifactKey: Guid(cd490d4feb37a9f40b6e853477c2c2eb) Importer(2089858483,0ecaa5967403d082aa24f35e1b516d23)
Start importing Assets/Stagit/SkyboxEarthPlanets/skyboxes/skyboxv1_usa_far.mat using Guid(cd490d4feb37a9f40b6e853477c2c2eb) Importer(2089858483,0ecaa5967403d082aa24f35e1b516d23) Generated GUIDs only implemented for interfaces!
 -> (artifact id: '82e9515d6c4210e16ed99ab4765f1e3d') in 0.019613 seconds
Number of updated asset objects reloaded before import = 0
Number of asset objects unloaded after import = 1
========================================================================
Received Import Request.
  Time since last request: 0.000050 seconds.
  path: Assets/Stagit/SkyboxEarthPlanets/textures/skyboxv1_asia
  artifactKey: Guid(b1efc024f09c14046bdd941d21dd6268) Importer(2089858483,0ecaa5967403d082aa24f35e1b516d23)
Start importing Assets/Stagit/SkyboxEarthPlanets/textures/skyboxv1_asia using Guid(b1efc024f09c14046bdd941d21dd6268) Importer(2089858483,0ecaa5967403d082aa24f35e1b516d23) Generated GUIDs only implemented for interfaces!
 -> (artifact id: '7c739c78c45cbfaaa756ca277ad6f966') in 0.015260 seconds
Number of updated asset objects reloaded before import = 0
Number of asset objects unloaded after import = 1
========================================================================
Received Import Request.
  Time since last request: 0.000048 seconds.
  path: Assets/Stagit/SkyboxEarthPlanets/skyboxes/skyboxv1_usa.mat
  artifactKey: Guid(7c79b0cb2ecdd104e8afe8869884ef61) Importer(2089858483,0ecaa5967403d082aa24f35e1b516d23)
Start importing Assets/Stagit/SkyboxEarthPlanets/skyboxes/skyboxv1_usa.mat using Guid(7c79b0cb2ecdd104e8afe8869884ef61) Importer(2089858483,0ecaa5967403d082aa24f35e1b516d23) Generated GUIDs only implemented for interfaces!
 -> (artifact id: '164c5c0203bdb65f6bf55503610005c3') in 0.019300 seconds
Number of updated asset objects reloaded before import = 0
Number of asset objects unloaded after import = 1
========================================================================
Received Import Request.
  Time since last request: 0.000095 seconds.
  path: Assets/Stagit/SkyboxEarthPlanets/skyboxes/skyboxv1_ocean.mat
  artifactKey: Guid(a5d39648377a737419eaed91af87769f) Importer(2089858483,0ecaa5967403d082aa24f35e1b516d23)
Start importing Assets/Stagit/SkyboxEarthPlanets/skyboxes/skyboxv1_ocean.mat using Guid(a5d39648377a737419eaed91af87769f) Importer(2089858483,0ecaa5967403d082aa24f35e1b516d23) Generated GUIDs only implemented for interfaces!
 -> (artifact id: 'de1b7b9d4529c5b687b1b54c2a812acf') in 0.019002 seconds
Number of updated asset objects reloaded before import = 0
Number of asset objects unloaded after import = 1
========================================================================
Received Import Request.
  Time since last request: 0.000076 seconds.
  path: Assets/Stagit/SkyboxEarthPlanets/textures/skybox_EarthProDemo/india002.png
  artifactKey: Guid(5738ed9c8cc132f498a932252f0bc519) Importer(2089858483,0ecaa5967403d082aa24f35e1b516d23)
Start importing Assets/Stagit/SkyboxEarthPlanets/textures/skybox_EarthProDemo/india002.png using Guid(5738ed9c8cc132f498a932252f0bc519) Importer(2089858483,0ecaa5967403d082aa24f35e1b516d23) Generated GUIDs only implemented for interfaces!
 -> (artifact id: '43d75d69791ffdc2df7174ed680280fb') in 0.057407 seconds
Number of updated asset objects reloaded before import = 0
Number of asset objects unloaded after import = 1
========================================================================
Received Import Request.
  Time since last request: 0.000090 seconds.
  path: Assets/Sounds/shotgun.mp3
  artifactKey: Guid(6a476b121533087459607acf995242a1) Importer(2089858483,0ecaa5967403d082aa24f35e1b516d23)
Start importing Assets/Sounds/shotgun.mp3 using Guid(6a476b121533087459607acf995242a1) Importer(2089858483,0ecaa5967403d082aa24f35e1b516d23) Generated GUIDs only implemented for interfaces!
 -> (artifact id: '3d4e54f39abdb4ca910b9f041a31db1b') in 0.116216 seconds
Number of updated asset objects reloaded before import = 0
Number of asset objects unloaded after import = 1
========================================================================
Received Import Request.
  Time since last request: 0.000056 seconds.
  path: Assets/Stagit
  artifactKey: Guid(32a4f4548f9f3e2429a00c02eb8f62a2) Importer(2089858483,0ecaa5967403d082aa24f35e1b516d23)
Start importing Assets/Stagit using Guid(32a4f4548f9f3e2429a00c02eb8f62a2) Importer(2089858483,0ecaa5967403d082aa24f35e1b516d23) Generated GUIDs only implemented for interfaces!
 -> (artifact id: '026fade1e458c7950b694b1ed6009312') in 0.011568 seconds
Number of updated asset objects reloaded before import = 0
Number of asset objects unloaded after import = 1
========================================================================
Received Import Request.
  Time since last request: 0.000119 seconds.
  path: Assets/Stagit/SkyboxEarthPlanets/textures
  artifactKey: Guid(646741e8389ff4d47a3391f3ae0522a1) Importer(2089858483,0ecaa5967403d082aa24f35e1b516d23)
Start importing Assets/Stagit/SkyboxEarthPlanets/textures using Guid(646741e8389ff4d47a3391f3ae0522a1) Importer(2089858483,0ecaa5967403d082aa24f35e1b516d23) Generated GUIDs only implemented for interfaces!
 -> (artifact id: 'e87d80056036606c0eb0f5829bb14170') in 0.011446 seconds
Number of updated asset objects reloaded before import = 0
Number of asset objects unloaded after import = 1
========================================================================
Received Import Request.
  Time since last request: 0.000045 seconds.
  path: Assets/Stagit/SkyboxEarthPlanets/skyboxes/skyboxv1_starsonly.mat
  artifactKey: Guid(d8c0d4010f9416945912d97b9e581cf6) Importer(2089858483,0ecaa5967403d082aa24f35e1b516d23)
Start importing Assets/Stagit/SkyboxEarthPlanets/skyboxes/skyboxv1_starsonly.mat using Guid(d8c0d4010f9416945912d97b9e581cf6) Importer(2089858483,0ecaa5967403d082aa24f35e1b516d23) Generated GUIDs only implemented for interfaces!
 -> (artifact id: '270394cd88b850d62213385ba36b479b') in 0.014632 seconds
Number of updated asset objects reloaded before import = 0
Number of asset objects unloaded after import = 1
========================================================================
Received Import Request.
  Time since last request: 0.000078 seconds.
  path: Assets/Stagit/SkyboxEarthPlanets/textures/skyboxv1_asia/earth000004.png
  artifactKey: Guid(661ab69b35341cd478bd407c74b41083) Importer(2089858483,0ecaa5967403d082aa24f35e1b516d23)
Start importing Assets/Stagit/SkyboxEarthPlanets/textures/skyboxv1_asia/earth000004.png using Guid(661ab69b35341cd478bd407c74b41083) Importer(2089858483,0ecaa5967403d082aa24f35e1b516d23) Generated GUIDs only implemented for interfaces!
 -> (artifact id: 'e7e5e208012e2901dc3a4252d3b12e91') in 0.044146 seconds
Number of updated asset objects reloaded before import = 0
Number of asset objects unloaded after import = 1
========================================================================
Received Import Request.
  Time since last request: 0.000092 seconds.
  path: Assets/Stagit/SkyboxEarthPlanets/textures/skyboxv1_earth1
  artifactKey: Guid(7e55c8b5ef0c2a94fae154b69af95aad) Importer(2089858483,0ecaa5967403d082aa24f35e1b516d23)
Start importing Assets/Stagit/SkyboxEarthPlanets/textures/skyboxv1_earth1 using Guid(7e55c8b5ef0c2a94fae154b69af95aad) Importer(2089858483,0ecaa5967403d082aa24f35e1b516d23) Generated GUIDs only implemented for interfaces!
 -> (artifact id: '2f1c07979712f9ae25897ea394957d7c') in 0.012227 seconds
Number of updated asset objects reloaded before import = 0
Number of asset objects unloaded after import = 1
========================================================================
Received Import Request.
  Time since last request: 0.000071 seconds.
  path: Assets/Fonts
  artifactKey: Guid(51b324626ea4c544892df68e6a2f6183) Importer(2089858483,0ecaa5967403d082aa24f35e1b516d23)
Start importing Assets/Fonts using Guid(51b324626ea4c544892df68e6a2f6183) Importer(2089858483,0ecaa5967403d082aa24f35e1b516d23) Generated GUIDs only implemented for interfaces!
 -> (artifact id: '9f0f0ce920ac2a174a92c5528312b496') in 0.012229 seconds
Number of updated asset objects reloaded before import = 0
Number of asset objects unloaded after import = 1
========================================================================
Received Import Request.
  Time since last request: 0.000083 seconds.
  path: Assets/Stagit/SkyboxEarthPlanets/textures/skyboxv1_moon_earth2/earth000002.png
  artifactKey: Guid(4b4c12ed349f8c643a78059e2f1b713e) Importer(2089858483,0ecaa5967403d082aa24f35e1b516d23)
Start importing Assets/Stagit/SkyboxEarthPlanets/textures/skyboxv1_moon_earth2/earth000002.png using Guid(4b4c12ed349f8c643a78059e2f1b713e) Importer(2089858483,0ecaa5967403d082aa24f35e1b516d23) Generated GUIDs only implemented for interfaces!
 -> (artifact id: 'ad95f1e48ca033c67bf442e54c8536f2') in 0.052746 seconds
Number of updated asset objects reloaded before import = 0
Number of asset objects unloaded after import = 1
========================================================================
Received Import Request.
  Time since last request: 0.000134 seconds.
  path: Assets/Stagit/SkyboxEarthPlanets/textures/skyboxv1/earth006005.png
  artifactKey: Guid(a5af059a39b2360409279c61a96747ab) Importer(2089858483,0ecaa5967403d082aa24f35e1b516d23)
Start importing Assets/Stagit/SkyboxEarthPlanets/textures/skyboxv1/earth006005.png using Guid(a5af059a39b2360409279c61a96747ab) Importer(2089858483,0ecaa5967403d082aa24f35e1b516d23) Generated GUIDs only implemented for interfaces!
 -> (artifact id: 'cbcc025578b68efaf80bad61facf779c') in 0.055631 seconds
Number of updated asset objects reloaded before import = 0
Number of asset objects unloaded after import = 1
========================================================================
Received Import Request.
  Time since last request: 0.000114 seconds.
  path: Assets/Stagit/SkyboxEarthPlanets/textures/skyboxv1_moon_earth
  artifactKey: Guid(d6a77b5b4ce32a743a4eaa35a652546f) Importer(2089858483,0ecaa5967403d082aa24f35e1b516d23)
Start importing Assets/Stagit/SkyboxEarthPlanets/textures/skyboxv1_moon_earth using Guid(d6a77b5b4ce32a743a4eaa35a652546f) Importer(2089858483,0ecaa5967403d082aa24f35e1b516d23) Generated GUIDs only implemented for interfaces!
 -> (artifact id: '9cac02fee9c36128da99f8f12421c2c7') in 0.012821 seconds
Number of updated asset objects reloaded before import = 0
Number of asset objects unloaded after import = 1
========================================================================
Received Import Request.
  Time since last request: 0.000108 seconds.
  path: Assets/Stagit/SkyboxEarthPlanets/textures/skyboxv1_earth1/earth000005.png
  artifactKey: Guid(867ca3f49fd9d29409c20fc49d92d8f2) Importer(2089858483,0ecaa5967403d082aa24f35e1b516d23)
Start importing Assets/Stagit/SkyboxEarthPlanets/textures/skyboxv1_earth1/earth000005.png using Guid(867ca3f49fd9d29409c20fc49d92d8f2) Importer(2089858483,0ecaa5967403d082aa24f35e1b516d23) Generated GUIDs only implemented for interfaces!
 -> (artifact id: '8b331fb4362075fd02f9f27e3478523c') in 0.052981 seconds
Number of updated asset objects reloaded before import = 0
Number of asset objects unloaded after import = 1
========================================================================
Received Import Request.
  Time since last request: 0.000111 seconds.
  path: Assets/Shaders/Pixel.shader
  artifactKey: Guid(18362ea7315c9444382ccd1314c0cd08) Importer(2089858483,0ecaa5967403d082aa24f35e1b516d23)
Start importing Assets/Shaders/Pixel.shader using Guid(18362ea7315c9444382ccd1314c0cd08) Importer(2089858483,0ecaa5967403d082aa24f35e1b516d23) Generated GUIDs only implemented for interfaces!
 -> (artifact id: '0c499448298d03c332cb3688293a933a') in 0.020451 seconds
Number of updated asset objects reloaded before import = 0
Number of asset objects unloaded after import = 1
========================================================================
Received Import Request.
  Time since last request: 0.000058 seconds.
  path: Assets/Stagit/SkyboxEarthPlanets/textures/skyboxv1/earth006003.png
  artifactKey: Guid(9b3beaaee903c554da34174e6ec96100) Importer(2089858483,0ecaa5967403d082aa24f35e1b516d23)
Start importing Assets/Stagit/SkyboxEarthPlanets/textures/skyboxv1/earth006003.png using Guid(9b3beaaee903c554da34174e6ec96100) Importer(2089858483,0ecaa5967403d082aa24f35e1b516d23) Generated GUIDs only implemented for interfaces!
 -> (artifact id: '5d526e401a421ce37cc6ba807ff36ff0') in 0.058581 seconds
Number of updated asset objects reloaded before import = 0
Number of asset objects unloaded after import = 1
========================================================================
Received Import Request.
  Time since last request: 0.000065 seconds.
  path: Assets/Stagit/SkyboxEarthPlanets/textures/skyboxv1_moon_earth/moon000001.png
  artifactKey: Guid(6f985e55578e0b340aa1f480496f76fb) Importer(2089858483,0ecaa5967403d082aa24f35e1b516d23)
Start importing Assets/Stagit/SkyboxEarthPlanets/textures/skyboxv1_moon_earth/moon000001.png using Guid(6f985e55578e0b340aa1f480496f76fb) Importer(2089858483,0ecaa5967403d082aa24f35e1b516d23) Generated GUIDs only implemented for interfaces!
 -> (artifact id: '0aa81b7677488e1afe68d7d213d272f4') in 0.060610 seconds
Number of updated asset objects reloaded before import = 0
Number of asset objects unloaded after import = 1
========================================================================
Received Import Request.
  Time since last request: 19.138222 seconds.
  path: Assets/Stagit/SkyboxEarthPlanets/textures/skyboxv1_earth1
  artifactKey: Guid(7e55c8b5ef0c2a94fae154b69af95aad) Importer(815301076,1909f56bfc062723c751e8b465ee728b)
Start importing Assets/Stagit/SkyboxEarthPlanets/textures/skyboxv1_earth1 using Guid(7e55c8b5ef0c2a94fae154b69af95aad) Importer(815301076,1909f56bfc062723c751e8b465ee728b)  -> (artifact id: '10f17d52c6a315cd6dd81eac04f60fd8') in 0.000526 seconds
Number of updated asset objects reloaded before import = 0
Number of asset objects unloaded after import = 0
========================================================================
Received Prepare
Begin MonoManager ReloadAssembly
C:\build\output\Unity-Technologies\mono\mono\metadata\icall.c:1842:
C:\build\output\Unity-Technologies\mono\mono\metadata\icall.c:1842:
C:\build\output\Unity-Technologies\mono\mono\metadata\icall.c:1842:
C:\build\output\Unity-Technologies\mono\mono\metadata\icall.c:1842:
C:\build\output\Unity-Technologies\mono\mono\metadata\icall.c:1842:
C:\build\output\Unity-Technologies\mono\mono\metadata\icall.c:1842:
C:\build\output\Unity-Technologies\mono\mono\metadata\icall.c:1842:
C:\build\output\Unity-Technologies\mono\mono\metadata\icall.c:1842:
C:\build\output\Unity-Technologies\mono\mono\metadata\icall.c:1842:
C:\build\output\Unity-Technologies\mono\mono\metadata\icall.c:1842:
C:\build\output\Unity-Technologies\mono\mono\metadata\icall.c:1842:
C:\build\output\Unity-Technologies\mono\mono\metadata\icall.c:1842:
Symbol file LoadedFromMemory doesn't match image C:\Users\matth\MOON INVADER 3D\Library\PackageCache\com.unity.visualscripting@1.8.0\Editor\VisualScripting.Core\Dependencies\YamlDotNet\Unity.VisualScripting.YamlDotNet.dll
Symbol file LoadedFromMemory doesn't match image C:\Users\matth\MOON INVADER 3D\Library\PackageCache\com.unity.visualscripting@1.8.0\Editor\VisualScripting.Core\Dependencies\DotNetZip\Unity.VisualScripting.IonicZip.dll
- Loaded All Assemblies, in  0.680 seconds
Refreshing native plugins compatible for Editor in 1.74 ms, found 3 plugins.
Native extension for WindowsStandalone target not found
Mono: successfully reloaded assembly
- Finished resetting the current domain, in  0.793 seconds
Domain Reload Profiling: 1470ms
	BeginReloadAssembly (165ms)
		ExecutionOrderSort (0ms)
		DisableScriptedObjects (6ms)
		BackupInstance (0ms)
		ReleaseScriptingObjects (0ms)
		CreateAndSetChildDomain (44ms)
	RebuildCommonClasses (32ms)
	RebuildNativeTypeToScriptingClass (11ms)
	initialDomainReloadingComplete (23ms)
	LoadAllAssembliesAndSetupDomain (445ms)
		LoadAssemblies (258ms)
		RebuildTransferFunctionScriptingTraits (0ms)
		AnalyzeDomain (268ms)
			TypeCache.Refresh (263ms)
				TypeCache.ScanAssembly (252ms)
			ScanForSourceGeneratedMonoScriptInfo (0ms)
			ResolveRequiredComponents (4ms)
	FinalizeReload (793ms)
		ReleaseScriptCaches (0ms)
		RebuildScriptCaches (0ms)
		SetupLoadedEditorAssemblies (374ms)
			LogAssemblyErrors (0ms)
			InitializePlatformSupportModulesInManaged (6ms)
			SetLoadedEditorAssemblies (3ms)
			BeforeProcessingInitializeOnLoad (76ms)
			ProcessInitializeOnLoadAttributes (264ms)
			ProcessInitializeOnLoadMethodAttributes (21ms)
			AfterProcessingInitializeOnLoad (5ms)
			EditorAssembliesLoaded (0ms)
		ExecutionOrderSort2 (0ms)
		AwakeInstancesAfterBackupRestoration (8ms)
Refreshing native plugins compatible for Editor in 2.33 ms, found 3 plugins.
Preloading 0 native plugins for Editor in 0.00 ms.
Unloading 3136 Unused Serialized files (Serialized files now loaded: 0)
Unloading 25 unused Assets / (139.2 KB). Loaded Objects now: 3720.
Memory consumption went from 132.8 MB to 132.7 MB.
Total: 3.701600 ms (FindLiveObjects: 0.280500 ms CreateObjectMapping: 0.091600 ms MarkObjects: 3.176900 ms  DeleteObjects: 0.151700 ms)

Prepare: number of updated asset objects reloaded= 0
AssetImportParameters requested are different than current active one (requested -> active):
  custom:video-decoder-webm-vp8: 9c59270c3fd7afecdb556c50c9e8de78 -> 
  custom:SearchIndexIgnoredProperties: e643bd26f0fe6173181afceb89e7c659 -> 
  custom:audio-encoder-webm-vorbis: bf7c407c2cedff20999df2af8eb42d56 -> 
  custom:AudioImporter_EditorPlatform: d09bf68614088b80899f8185d706f6e7 -> 
  custom:audio-decoder-ogg-vorbis: bf7c407c2cedff20999df2af8eb42d56 -> 
  custom:video-encoder-webm-vp8: eb34c28f22e8b96e1ab97ce403110664 -> 
  custom:container-demuxer-ogg: 62fdf1f143b41e24485cea50d1cbac27 -> 
  custom:framework-win-MediaFoundation: 216162199b28c13a410421893ffa2e32 -> 
  custom:video-decoder-ogg-theora: a1e56fd34408186e4bbccfd4996cb3dc -> 
  custom:container-muxer-webm: aa71ff27fc2769a1b78a27578f13a17b -> 
  custom:CustomObjectIndexerAttribute: 756ad292c208cfabdd7b50bc23989ffe -> 
  custom:container-demuxer-webm: 4f35f7cbe854078d1ac9338744f61a02 -> 
========================================================================
Received Prepare
Begin MonoManager ReloadAssembly
C:\build\output\Unity-Technologies\mono\mono\metadata\icall.c:1842:
C:\build\output\Unity-Technologies\mono\mono\metadata\icall.c:1842:
C:\build\output\Unity-Technologies\mono\mono\metadata\icall.c:1842:
C:\build\output\Unity-Technologies\mono\mono\metadata\icall.c:1842:
C:\build\output\Unity-Technologies\mono\mono\metadata\icall.c:1842:
C:\build\output\Unity-Technologies\mono\mono\metadata\icall.c:1842:
C:\build\output\Unity-Technologies\mono\mono\metadata\icall.c:1842:
C:\build\output\Unity-Technologies\mono\mono\metadata\icall.c:1842:
C:\build\output\Unity-Technologies\mono\mono\metadata\icall.c:1842:
C:\build\output\Unity-Technologies\mono\mono\metadata\icall.c:1842:
C:\build\output\Unity-Technologies\mono\mono\metadata\icall.c:1842:
C:\build\output\Unity-Technologies\mono\mono\metadata\icall.c:1842:
Symbol file LoadedFromMemory doesn't match image C:\Users\matth\MOON INVADER 3D\Library\PackageCache\com.unity.visualscripting@1.8.0\Editor\VisualScripting.Core\Dependencies\YamlDotNet\Unity.VisualScripting.YamlDotNet.dll
Symbol file LoadedFromMemory doesn't match image C:\Users\matth\MOON INVADER 3D\Library\PackageCache\com.unity.visualscripting@1.8.0\Editor\VisualScripting.Core\Dependencies\DotNetZip\Unity.VisualScripting.IonicZip.dll
- Loaded All Assemblies, in  0.679 seconds
Refreshing native plugins compatible for Editor in 1.79 ms, found 3 plugins.
Native extension for WindowsStandalone target not found
Mono: successfully reloaded assembly
- Finished resetting the current domain, in  0.812 seconds
Domain Reload Profiling: 1489ms
	BeginReloadAssembly (164ms)
		ExecutionOrderSort (0ms)
		DisableScriptedObjects (5ms)
		BackupInstance (0ms)
		ReleaseScriptingObjects (0ms)
		CreateAndSetChildDomain (41ms)
	RebuildCommonClasses (32ms)
	RebuildNativeTypeToScriptingClass (12ms)
	initialDomainReloadingComplete (22ms)
	LoadAllAssembliesAndSetupDomain (446ms)
		LoadAssemblies (256ms)
		RebuildTransferFunctionScriptingTraits (0ms)
		AnalyzeDomain (273ms)
			TypeCache.Refresh (264ms)
				TypeCache.ScanAssembly (253ms)
			ScanForSourceGeneratedMonoScriptInfo (0ms)
			ResolveRequiredComponents (8ms)
	FinalizeReload (813ms)
		ReleaseScriptCaches (0ms)
		RebuildScriptCaches (0ms)
		SetupLoadedEditorAssemblies (377ms)
			LogAssemblyErrors (0ms)
			InitializePlatformSupportModulesInManaged (6ms)
			SetLoadedEditorAssemblies (3ms)
			BeforeProcessingInitializeOnLoad (73ms)
			ProcessInitializeOnLoadAttributes (269ms)
			ProcessInitializeOnLoadMethodAttributes (21ms)
			AfterProcessingInitializeOnLoad (5ms)
			EditorAssembliesLoaded (0ms)
		ExecutionOrderSort2 (0ms)
		AwakeInstancesAfterBackupRestoration (9ms)
Refreshing native plugins compatible for Editor in 1.98 ms, found 3 plugins.
Preloading 0 native plugins for Editor in 0.00 ms.
Unloading 3137 Unused Serialized files (Serialized files now loaded: 0)
Unloading 24 unused Assets / (30.5 KB). Loaded Objects now: 3721.
Memory consumption went from 133.0 MB to 133.0 MB.
Total: 3.589200 ms (FindLiveObjects: 0.276200 ms CreateObjectMapping: 0.091200 ms MarkObjects: 3.168000 ms  DeleteObjects: 0.052800 ms)

Prepare: number of updated asset objects reloaded= 0
AssetImportParameters requested are different than current active one (requested -> active):
  custom:video-decoder-webm-vp8: 9c59270c3fd7afecdb556c50c9e8de78 -> 
  custom:SearchIndexIgnoredProperties: e643bd26f0fe6173181afceb89e7c659 -> 
  custom:audio-encoder-webm-vorbis: bf7c407c2cedff20999df2af8eb42d56 -> 
  custom:AudioImporter_EditorPlatform: d09bf68614088b80899f8185d706f6e7 -> 
  custom:audio-decoder-ogg-vorbis: bf7c407c2cedff20999df2af8eb42d56 -> 
  custom:video-encoder-webm-vp8: eb34c28f22e8b96e1ab97ce403110664 -> 
  custom:container-demuxer-ogg: 62fdf1f143b41e24485cea50d1cbac27 -> 
  custom:framework-win-MediaFoundation: 216162199b28c13a410421893ffa2e32 -> 
  custom:video-decoder-ogg-theora: a1e56fd34408186e4bbccfd4996cb3dc -> 
  custom:container-muxer-webm: aa71ff27fc2769a1b78a27578f13a17b -> 
  custom:CustomObjectIndexerAttribute: 756ad292c208cfabdd7b50bc23989ffe -> 
  custom:container-demuxer-webm: 4f35f7cbe854078d1ac9338744f61a02 -> 
